<?xml version="1.0" encoding="UTF-8"?>
<!-- Generated by org.testng.reporters.JUnitXMLReporter -->
<testsuite ignored="0" hostname="LAPTOP-EFBOGEN7" failures="0" tests="4" name="Default test" time="6.055" errors="0" timestamp="2024-08-16T06:59:36 EET">
  <testcase classname="homePage.myTestCases" name="checkTheDefaultlanguageIsEnglishTest" time="0.07"/>
  <testcase classname="homePage.myTestCases" name="checkTheDefaultCurrencyIsSAR" time="0.097"/>
  <testcase classname="homePage.myTestCases" name="checkTheContactNumber" time="0.049"/>
  <testcase classname="homePage.myTestCases" name="checkQtafflogo" time="0.097"/>
</testsuite> <!-- Default test -->
