<?xml version="1.0" encoding="UTF-8"?>
<!-- Generated by org.testng.reporters.JUnitXMLReporter -->
<testsuite ignored="0" hostname="LAPTOP-EFBOGEN7" failures="0" tests="7" name="Default test" time="20.612" errors="0" timestamp="2024-08-18T05:45:52 EET">
  <testcase classname="homePage.myTestCases" name="checkTheDefaultlanguageIsEnglishTest" time="1.234"/>
  <testcase classname="homePage.myTestCases" name="checkTheDefaultCurrencyIsSAR" time="0.169"/>
  <testcase classname="homePage.myTestCases" name="checkTheContactNumber" time="0.055"/>
  <testcase classname="homePage.myTestCases" name="checkQtafflogo" time="2.827"/>
  <testcase classname="homePage.myTestCases" name="CheckHotelSearchTabNotSelected" time="0.113"/>
  <testcase classname="homePage.myTestCases" name="CheckDepature" time="0.386"/>
  <testcase classname="homePage.myTestCases" name="RandomlyChangeTheLanguage" time="4.96"/>
</testsuite> <!-- Default test -->
