<?xml version="1.0" encoding="UTF-8"?>
<testng-results ignored="0" total="4" passed="4" failed="0" skipped="0">
  <reporter-output>
  </reporter-output>
  <suite started-at="2024-08-16T06:59:29 EET" name="Default suite" finished-at="2024-08-16T06:59:35 EET" duration-ms="6055">
    <groups>
    </groups>
    <test started-at="2024-08-16T06:59:29 EET" name="Default test" finished-at="2024-08-16T06:59:35 EET" duration-ms="6055">
      <class name="homePage.myTestCases">
        <test-method is-config="true" signature="mySetup()[pri:0, instance:homePage.myTestCases@c7a975a]" started-at="2024-08-16T06:59:29 EET" name="mySetup" finished-at="2024-08-16T06:59:35 EET" duration-ms="5628" status="PASS">
          <reporter-output>
          </reporter-output>
        </test-method> <!-- mySetup -->
        <test-method signature="checkTheDefaultlanguageIsEnglishTest()[pri:1, instance:homePage.myTestCases@c7a975a]" started-at="2024-08-16T06:59:35 EET" name="checkTheDefaultlanguageIsEnglishTest" finished-at="2024-08-16T06:59:35 EET" duration-ms="70" status="PASS">
          <reporter-output>
          </reporter-output>
        </test-method> <!-- checkTheDefaultlanguageIsEnglishTest -->
        <test-method signature="checkTheDefaultCurrencyIsSAR()[pri:2, instance:homePage.myTestCases@c7a975a]" started-at="2024-08-16T06:59:35 EET" name="checkTheDefaultCurrencyIsSAR" finished-at="2024-08-16T06:59:35 EET" duration-ms="97" status="PASS">
          <reporter-output>
          </reporter-output>
        </test-method> <!-- checkTheDefaultCurrencyIsSAR -->
        <test-method signature="checkTheContactNumber()[pri:3, instance:homePage.myTestCases@c7a975a]" started-at="2024-08-16T06:59:35 EET" name="checkTheContactNumber" finished-at="2024-08-16T06:59:35 EET" duration-ms="49" status="PASS">
          <reporter-output>
          </reporter-output>
        </test-method> <!-- checkTheContactNumber -->
        <test-method signature="checkQtafflogo()[pri:4, instance:homePage.myTestCases@c7a975a]" started-at="2024-08-16T06:59:35 EET" name="checkQtafflogo" finished-at="2024-08-16T06:59:35 EET" duration-ms="97" status="PASS">
          <reporter-output>
          </reporter-output>
        </test-method> <!-- checkQtafflogo -->
      </class> <!-- homePage.myTestCases -->
    </test> <!-- Default test -->
  </suite> <!-- Default suite -->
</testng-results>
