<?xml version="1.0" encoding="UTF-8"?>
<testng-results ignored="0" total="7" passed="7" failed="0" skipped="0">
  <reporter-output>
  </reporter-output>
  <suite started-at="2024-08-18T05:45:31 EET" name="Default suite" finished-at="2024-08-18T05:45:52 EET" duration-ms="20612">
    <groups>
    </groups>
    <test started-at="2024-08-18T05:45:31 EET" name="Default test" finished-at="2024-08-18T05:45:52 EET" duration-ms="20612">
      <class name="homePage.myTestCases">
        <test-method is-config="true" signature="mySetup()[pri:0, instance:homePage.myTestCases@3c0fae6c]" started-at="2024-08-18T05:45:31 EET" name="mySetup" finished-at="2024-08-18T05:45:42 EET" duration-ms="10735" status="PASS">
          <reporter-output>
          </reporter-output>
        </test-method> <!-- mySetup -->
        <test-method signature="checkTheDefaultlanguageIsEnglishTest()[pri:1, instance:homePage.myTestCases@3c0fae6c]" started-at="2024-08-18T05:45:42 EET" name="checkTheDefaultlanguageIsEnglishTest" finished-at="2024-08-18T05:45:43 EET" duration-ms="1234" status="PASS">
          <reporter-output>
          </reporter-output>
        </test-method> <!-- checkTheDefaultlanguageIsEnglishTest -->
        <test-method signature="checkTheDefaultCurrencyIsSAR()[pri:2, instance:homePage.myTestCases@3c0fae6c]" started-at="2024-08-18T05:45:43 EET" name="checkTheDefaultCurrencyIsSAR" finished-at="2024-08-18T05:45:43 EET" duration-ms="169" status="PASS">
          <reporter-output>
          </reporter-output>
        </test-method> <!-- checkTheDefaultCurrencyIsSAR -->
        <test-method signature="checkTheContactNumber()[pri:3, instance:homePage.myTestCases@3c0fae6c]" started-at="2024-08-18T05:45:43 EET" name="checkTheContactNumber" finished-at="2024-08-18T05:45:43 EET" duration-ms="55" status="PASS">
          <reporter-output>
          </reporter-output>
        </test-method> <!-- checkTheContactNumber -->
        <test-method signature="checkQtafflogo()[pri:4, instance:homePage.myTestCases@3c0fae6c]" started-at="2024-08-18T05:45:43 EET" name="checkQtafflogo" finished-at="2024-08-18T05:45:46 EET" duration-ms="2827" status="PASS">
          <reporter-output>
          </reporter-output>
        </test-method> <!-- checkQtafflogo -->
        <test-method signature="CheckHotelSearchTabNotSelected()[pri:5, instance:homePage.myTestCases@3c0fae6c]" started-at="2024-08-18T05:45:46 EET" name="CheckHotelSearchTabNotSelected" finished-at="2024-08-18T05:45:46 EET" duration-ms="113" status="PASS">
          <reporter-output>
          </reporter-output>
        </test-method> <!-- CheckHotelSearchTabNotSelected -->
        <test-method signature="CheckDepature()[pri:6, instance:homePage.myTestCases@3c0fae6c]" started-at="2024-08-18T05:45:46 EET" name="CheckDepature" finished-at="2024-08-18T05:45:47 EET" duration-ms="386" status="PASS">
          <reporter-output>
          </reporter-output>
        </test-method> <!-- CheckDepature -->
        <test-method signature="RandomlyChangeTheLanguage()[pri:7, instance:homePage.myTestCases@3c0fae6c]" started-at="2024-08-18T05:45:47 EET" name="RandomlyChangeTheLanguage" finished-at="2024-08-18T05:45:52 EET" duration-ms="4960" status="PASS">
          <reporter-output>
          </reporter-output>
        </test-method> <!-- RandomlyChangeTheLanguage -->
      </class> <!-- homePage.myTestCases -->
    </test> <!-- Default test -->
  </suite> <!-- Default suite -->
</testng-results>
